Arguments: 
  /usr/bin/node /usr/share/yarn/bin/yarn.js

PATH: 
  /usr/local/sbin:/usr/local/bin:/usr/sbin:/usr/bin:/sbin:/bin:/usr/games:/usr/local/games:/snap/bin:/home/mike/.dotnet/tools:/home/mike/Documents/flutter/flutter/bin:/home/mike/.yarn/bin:/opt/node-v10.0.0-linux-x64/bin:/opt/blender-2.79b-linux-glibc219-x86_64:/opt/lampp/bin:/opt/jdk-10.0.1/bin:/opt/robo3t-1.2.1-linux-x86_64-3e50a65/bin:/opt/processing-3.3.7:/home/mike/.config/composer/vendor/bin:/home/mike/python:/home/mike/.local/bin:/home/mike/.config/composer/vendor/bin:/home/mike/python:/home/mike/.local/bin

Yarn version: 
  1.12.1

Node version: 
  8.10.0

Platform: 
  linux x64

Trace: 
  SyntaxError: /home/mike/hackathon/fake-news-back-end/package.json: Unexpected token } in JSON at position 286
      at JSON.parse (<anonymous>)
      at /usr/share/yarn/lib/cli.js:1166:59
      at Generator.next (<anonymous>)
      at step (/usr/share/yarn/lib/cli.js:92:30)
      at /usr/share/yarn/lib/cli.js:103:13
      at <anonymous>

npm manifest: 
  {
    "name": "fake",
    "version": "1.0.0",
    "main": "index.js",
    "license": "MIT",
    "engines": {
      "node": "8.10.0"
    },
    "scripts": {
      "start": "node --require dotenv/config index.js",
      "migrate": "node --require dotenv/config ./node_modules/.bin/sequelize db:migrate",
      },
    "husky": {
      "hooks": {
        "pre-commit": "lint-staged"
      }
    },
    "lint-staged": {
      "*.{js,json,css,md}": [
        "prettier --write",
        "git add"
      ]
    },
    "dependencies": {
      "aws-sdk": "^2.395.0",
      "axios": "^0.18.0",
      "bcrypt": "^3.0.3",
      "body-parser": "^1.18.3",
      "bull": "^3.5.2",
      "cors": "^2.8.5",
      "debug": "^4.1.1",
      "dotenv": "^6.2.0",
      "express": "^4.16.4",
      "express-jwt": "^5.3.1",
      "express-jwt-authz": "^1.0.0",
      "helmet": "^3.16.0",
      "jsonwebtoken": "^8.4.0",
      "jwk-to-pem": "^2.0.1",
      "jwks-rsa": "^1.3.0",
      "listr": "^0.14.3",
      "moment": "^2.23.0",
      "moment-timezone": "^0.5.23",
      "multer": "^1.4.1",
      "multer-autoreap": "^1.0.3",
      "pg": "^7.7.1",
      "pg-hstore": "^2.3.2",
      "request": "^2.88.0",
      "sequelize": "^4.42.0",
      "sequelize-cli": "^5.4.0"
    },
    "devDependencies": {
      "babel-eslint": "^10.0.1",
      "eslint": "^5.10.0",
      "eslint-config-airbnb-base": "^13.1.0",
      "eslint-config-prettier": "^3.3.0",
      "eslint-plugin-import": "^2.14.0",
      "eslint-plugin-prettier": "^3.0.0",
      "execa": "^1.0.0",
      "husky": "^1.2.1",
      "jest": "^24.5.0",
      "lint-staged": "^8.1.0",
      "listr": "^0.14.3",
      "nodemon": "^1.18.8",
      "prettier": "^1.15.3",
      "supertest": "^4.0.2"
    }
  }

yarn manifest: 
  No manifest

Lockfile: 
  No lockfile
